Unity Editor version:    6000.0.50f1 (f1ef1dca8bff)
Branch:                  6000.0/staging
Build type:              Release
Batch mode:              YES
macOS version:           Version 13.4.1 (c) (Build 22F770820d)
Darwin version:          22.5.0
Architecture:            x86_64
Running under Rosetta:   NO
Available memory:        16384 MB
Using pre-set license

COMMAND LINE ARGUMENTS:
/Applications/Unity/Hub/Editor/6000.0.50f1/Unity.app/Contents/MacOS/Unity
-adb2
-batchMode
-noUpm
-name
AssetImportWorker1
-projectPath
/Users/stavrosdidakis/Desktop/GitHub/Unity-CreativeCoding/UnityCreativeCoding
-logFile
Logs/AssetImportWorker1.log
-srvPort
64361
-job-worker-count
7
-background-job-worker-count
8
-gc-helper-count
1
Successfully changed project path to: /Users/stavrosdidakis/Desktop/GitHub/Unity-CreativeCoding/UnityCreativeCoding
/Users/stavrosdidakis/Desktop/GitHub/Unity-CreativeCoding/UnityCreativeCoding
[UnityMemory] Configuration Parameters - Can be set up in boot.config
    "memorysetup-bucket-allocator-granularity=16"
    "memorysetup-bucket-allocator-bucket-count=8"
    "memorysetup-bucket-allocator-block-size=33554432"
    "memorysetup-bucket-allocator-block-count=8"
    "memorysetup-main-allocator-block-size=16777216"
    "memorysetup-thread-allocator-block-size=16777216"
    "memorysetup-gfx-main-allocator-block-size=16777216"
    "memorysetup-gfx-thread-allocator-block-size=16777216"
    "memorysetup-cache-allocator-block-size=4194304"
    "memorysetup-typetree-allocator-block-size=2097152"
    "memorysetup-profiler-bucket-allocator-granularity=16"
    "memorysetup-profiler-bucket-allocator-bucket-count=8"
    "memorysetup-profiler-bucket-allocator-block-size=33554432"
    "memorysetup-profiler-bucket-allocator-block-count=8"
    "memorysetup-profiler-allocator-block-size=16777216"
    "memorysetup-profiler-editor-allocator-block-size=1048576"
    "memorysetup-temp-allocator-size-main=16777216"
    "memorysetup-job-temp-allocator-block-size=2097152"
    "memorysetup-job-temp-allocator-block-size-background=1048576"
    "memorysetup-job-temp-allocator-reduction-small-platforms=262144"
    "memorysetup-allocator-temp-initial-block-size-main=262144"
    "memorysetup-allocator-temp-initial-block-size-worker=262144"
    "memorysetup-temp-allocator-size-background-worker=32768"
    "memorysetup-temp-allocator-size-job-worker=262144"
    "memorysetup-temp-allocator-size-preload-manager=33554432"
    "memorysetup-temp-allocator-size-nav-mesh-worker=65536"
    "memorysetup-temp-allocator-size-audio-worker=65536"
    "memorysetup-temp-allocator-size-cloud-worker=32768"
    "memorysetup-temp-allocator-size-gi-baking-worker=262144"
    "memorysetup-temp-allocator-size-gi-baking-worker=262144"
    "memorysetup-temp-allocator-size-gi-baking-worker=262144"
    "memorysetup-temp-allocator-size-gi-baking-worker=262144"
    "memorysetup-temp-allocator-size-gi-baking-worker=262144"
    "memorysetup-temp-allocator-size-gfx=262144"
Player connection [140704725001792]  Target information:

Player connection [140704725001792]  * "[IP] 192.168.71.30 [Port] 0 [Flags] 2 [Guid] 452128118 [EditorId] 452128118 [Version] 1048832 [Id] OSXEditor(0,NYUSH2417LP-MX.local) [Debug] 1 [PackageName] OSXEditor [ProjectName] Editor" 

Player connection [140704725001792]  * "[IP] 10.208.99.21 [Port] 0 [Flags] 2 [Guid] 452128118 [EditorId] 452128118 [Version] 1048832 [Id] OSXEditor(0,NYUSH2417LP-MX.local) [Debug] 1 [PackageName] OSXEditor [ProjectName] Editor" 

Player connection [140704725001792] Host joined multi-casting on [225.0.0.222:54997]...
Player connection [140704725001792] Host joined alternative multi-casting on [225.0.0.222:34997]...
JobSystem: Creating JobQueue using job-worker-count value 7
Input System module state changed to: Initialized.
[Physics::Module] Initialized fallback backend.
[Physics::Module] Id: 0xdecafbad
Library Redirect Path: Library/
[Physics::Module] Selected backend.
[Physics::Module] Name: PhysX
[Physics::Module] Id: 0xf2b8ea05
[Physics::Module] SDK Version: 4.1.2
[Physics::Module] Integration Version: 1.0.0
[Physics::Module] Threading Mode: Multi-Threaded
Refreshing native plugins compatible for Editor in 0.57 ms, found 1 plugins.
Preloading 0 native plugins for Editor in 0.00 ms.
Initialize engine version: 6000.0.50f1 (f1ef1dca8bff)
[Subsystems] Discovering subsystems at path /Applications/Unity/Hub/Editor/6000.0.50f1/Unity.app/Contents/Resources/UnitySubsystems
[Subsystems] Discovering subsystems at path /Users/stavrosdidakis/Desktop/GitHub/Unity-CreativeCoding/UnityCreativeCoding/Assets
GfxDevice: creating device client; kGfxThreadingModeNonThreaded
Color LCD preferred device: AMD Radeon Pro 5300M (high power)
Metal devices available: 2
0: AMD Radeon Pro 5300M (high power)
1: Intel(R) UHD Graphics 630 (low power)
Using device AMD Radeon Pro 5300M (high power)
Initializing Metal device caps: AMD Radeon Pro 5300M
Initialize mono
Mono path[0] = '/Applications/Unity/Hub/Editor/6000.0.50f1/Unity.app/Contents/Managed'
Mono path[1] = '/Applications/Unity/Hub/Editor/6000.0.50f1/Unity.app/Contents/MonoBleedingEdge/lib/mono/unityjit-macos'
Mono config path = '/Applications/Unity/Hub/Editor/6000.0.50f1/Unity.app/Contents/MonoBleedingEdge/etc'
Using monoOptions --debugger-agent=transport=dt_socket,embedding=1,server=y,suspend=n,address=127.0.0.1:56047
Begin MonoManager ReloadAssembly
Registering precompiled unity dll's ...
Register platform support module: /Applications/Unity/Hub/Editor/6000.0.50f1/Unity.app/Contents/PlaybackEngines/MacStandaloneSupport/UnityEditor.OSXStandalone.Extensions.dll
Registered in 0.003902 seconds.
- Loaded All Assemblies, in  0.671 seconds
Native extension for OSXStandalone target not found
Mono: successfully reloaded assembly
- Finished resetting the current domain, in  0.592 seconds
Domain Reload Profiling: 1262ms
	BeginReloadAssembly (228ms)
		ExecutionOrderSort (0ms)
		DisableScriptedObjects (0ms)
		BackupInstance (0ms)
		ReleaseScriptingObjects (0ms)
		CreateAndSetChildDomain (1ms)
	RebuildCommonClasses (70ms)
	RebuildNativeTypeToScriptingClass (19ms)
	initialDomainReloadingComplete (80ms)
	LoadAllAssembliesAndSetupDomain (274ms)
		LoadAssemblies (228ms)
		RebuildTransferFunctionScriptingTraits (0ms)
		AnalyzeDomain (268ms)
			TypeCache.Refresh (265ms)
				TypeCache.ScanAssembly (246ms)
			BuildScriptInfoCaches (0ms)
			ResolveRequiredComponents (1ms)
	FinalizeReload (592ms)
		ReleaseScriptCaches (0ms)
		RebuildScriptCaches (0ms)
		SetupLoadedEditorAssemblies (522ms)
			LogAssemblyErrors (0ms)
			InitializePlatformSupportModulesInManaged (78ms)
			SetLoadedEditorAssemblies (11ms)
			BeforeProcessingInitializeOnLoad (114ms)
			ProcessInitializeOnLoadAttributes (213ms)
			ProcessInitializeOnLoadMethodAttributes (107ms)
			AfterProcessingInitializeOnLoad (0ms)
			EditorAssembliesLoaded (0ms)
		ExecutionOrderSort2 (0ms)
		AwakeInstancesAfterBackupRestoration (0ms)
========================================================================
Worker process is ready to serve import requests
Import Worker Mode flag is 0x00
Begin MonoManager ReloadAssembly
- Loaded All Assemblies, in  1.200 seconds
Refreshing native plugins compatible for Editor in 0.22 ms, found 1 plugins.
Native extension for OSXStandalone target not found
The project currently uses the compatibility mode where the Render Graph API is disabled. Support for this mode will be removed in future Unity versions. Migrate existing ScriptableRenderPasses to the new RenderGraph API. After the migration, disable the compatibility mode in Edit > Projects Settings > Graphics > Render Graph.
UnityEngine.Debug:ExtractStackTraceNoAlloc (byte*,int,string)
UnityEngine.StackTraceUtility:ExtractStackTrace () (at /Users/bokken/build/output/unity/unity/Runtime/Export/Scripting/StackTrace.cs:37)
UnityEngine.DebugLogHandler:Internal_Log (UnityEngine.LogType,UnityEngine.LogOption,string,UnityEngine.Object)
UnityEngine.DebugLogHandler:LogFormat (UnityEngine.LogType,UnityEngine.Object,string,object[])
UnityEngine.Logger:Log (UnityEngine.LogType,object)
UnityEngine.Debug:LogWarning (object)
UnityEngine.Rendering.Universal.WarnUsingNonRenderGraph:EmitConsoleWarning () (at ./Library/PackageCache/com.unity.render-pipelines.universal@fe5368074162/Runtime/Data/UniversalRenderPipelineAsset.cs:427)
System.Reflection.RuntimeMethodInfo:Invoke (object,System.Reflection.BindingFlags,System.Reflection.Binder,object[],System.Globalization.CultureInfo)
System.Reflection.MethodBase:Invoke (object,object[])
UnityEditor.EditorAssemblies:ProcessInitializeOnLoadMethodAttributes () (at /Users/bokken/build/output/unity/unity/Editor/Mono/EditorAssemblies.cs:142)

(Filename: ./Library/PackageCache/com.unity.render-pipelines.universal@fe5368074162/Runtime/Data/UniversalRenderPipelineAsset.cs Line: 427)

Mono: successfully reloaded assembly
- Finished resetting the current domain, in  1.405 seconds
Domain Reload Profiling: 2605ms
	BeginReloadAssembly (273ms)
		ExecutionOrderSort (0ms)
		DisableScriptedObjects (10ms)
		BackupInstance (0ms)
		ReleaseScriptingObjects (0ms)
		CreateAndSetChildDomain (74ms)
	RebuildCommonClasses (68ms)
	RebuildNativeTypeToScriptingClass (21ms)
	initialDomainReloadingComplete (59ms)
	LoadAllAssembliesAndSetupDomain (779ms)
		LoadAssemblies (567ms)
		RebuildTransferFunctionScriptingTraits (0ms)
		AnalyzeDomain (321ms)
			TypeCache.Refresh (236ms)
				TypeCache.ScanAssembly (215ms)
			BuildScriptInfoCaches (61ms)
			ResolveRequiredComponents (19ms)
	FinalizeReload (1406ms)
		ReleaseScriptCaches (0ms)
		RebuildScriptCaches (0ms)
		SetupLoadedEditorAssemblies (962ms)
			LogAssemblyErrors (0ms)
			InitializePlatformSupportModulesInManaged (7ms)
			SetLoadedEditorAssemblies (6ms)
			BeforeProcessingInitializeOnLoad (283ms)
			ProcessInitializeOnLoadAttributes (500ms)
			ProcessInitializeOnLoadMethodAttributes (163ms)
			AfterProcessingInitializeOnLoad (3ms)
			EditorAssembliesLoaded (0ms)
		ExecutionOrderSort2 (0ms)
		AwakeInstancesAfterBackupRestoration (10ms)
WARNING: Shader Unsupported: 'Universal Render Pipeline/VR/SpatialMapping/Wireframe' - All subshaders removed
WARNING: Shader Did you use #pragma only_renderers and omit this platform?
WARNING: Shader If subshaders removal was intentional, you may have forgotten turning Fallback off?
WARNING: Shader Unsupported: 'Universal Render Pipeline/VR/SpatialMapping/Wireframe' - All subshaders removed
WARNING: Shader Did you use #pragma only_renderers and omit this platform?
WARNING: Shader If subshaders removal was intentional, you may have forgotten turning Fallback off?
Launching external process: /Applications/Unity/Hub/Editor/6000.0.50f1/Unity.app/Contents/Tools/UnityShaderCompiler
Launched and connected shader compiler UnityShaderCompiler after 0.15 seconds
Refreshing native plugins compatible for Editor in 0.18 ms, found 1 plugins.
Preloading 0 native plugins for Editor in 0.00 ms.
Unloading 198 Unused Serialized files (Serialized files now loaded: 0)
Unloading 3500 unused Assets / (3.3 MB). Loaded Objects now: 4175.
Memory consumption went from 137.6 MB to 134.3 MB.
Total: 15.154398 ms (FindLiveObjects: 0.639039 ms CreateObjectMapping: 0.887727 ms MarkObjects: 10.070054 ms  DeleteObjects: 3.555488 ms)

========================================================================
Received Import Request.
  Time since last request: 82984.294436 seconds.
  path: Assets/5 Morphed Circles/mat5-2.mat
  artifactKey: Guid(872693d39493d4c98b08078bbde08502) Importer(815301076,1909f56bfc062723c751e8b465ee728b)
Start importing Assets/5 Morphed Circles/mat5-2.mat using Guid(872693d39493d4c98b08078bbde08502) Importer(815301076,1909f56bfc062723c751e8b465ee728b) (PreviewImporter) -> (artifact id: '5d5f034dc39866820c26b48ebded98c5') in 0.728117569 seconds
Number of updated asset objects reloaded before import = 0Number of asset objects unloaded after import = 3

========================================================================
Received Import Request.
  Time since last request: 0.000141 seconds.
  path: Assets/5 Morphed Circles/mat5-5.mat
  artifactKey: Guid(4ef76d29bf64b45b3b0564b45c0e9269) Importer(815301076,1909f56bfc062723c751e8b465ee728b)
Start importing Assets/5 Morphed Circles/mat5-5.mat using Guid(4ef76d29bf64b45b3b0564b45c0e9269) Importer(815301076,1909f56bfc062723c751e8b465ee728b) (PreviewImporter) -> (artifact id: 'ec13b1de9b472ccf59bd186cd432afb1') in 0.013295217 seconds
Number of updated asset objects reloaded before import = 0Number of asset objects unloaded after import = 2

========================================================================
Received Import Request.
  Time since last request: 0.000100 seconds.
  path: Assets/5 Morphed Circles/mat5-3.mat
  artifactKey: Guid(1fab1b53804ae48c48da7288e8db5419) Importer(815301076,1909f56bfc062723c751e8b465ee728b)
Start importing Assets/5 Morphed Circles/mat5-3.mat using Guid(1fab1b53804ae48c48da7288e8db5419) Importer(815301076,1909f56bfc062723c751e8b465ee728b) (PreviewImporter) -> (artifact id: '0b2f22fc93d60955256b38b710b4d616') in 0.031561748 seconds
Number of updated asset objects reloaded before import = 0Number of asset objects unloaded after import = 2

========================================================================
Received Import Request.
  Time since last request: 0.000135 seconds.
  path: Assets/UniversalRenderPipelineGlobalSettings.asset
  artifactKey: Guid(18dc0cd2c080841dea60987a38ce93fa) Importer(815301076,1909f56bfc062723c751e8b465ee728b)
Start importing Assets/UniversalRenderPipelineGlobalSettings.asset using Guid(18dc0cd2c080841dea60987a38ce93fa) Importer(815301076,1909f56bfc062723c751e8b465ee728b) (PreviewImporter) -> (artifact id: '3ca169462d89fb577557c6e9500c1656') in 0.014710139 seconds
Number of updated asset objects reloaded before import = 0Number of asset objects unloaded after import = 0

========================================================================
Received Import Request.
  Time since last request: 0.000156 seconds.
  path: Assets/Readme.asset
  artifactKey: Guid(8105016687592461f977c054a80ce2f2) Importer(815301076,1909f56bfc062723c751e8b465ee728b)
Start importing Assets/Readme.asset using Guid(8105016687592461f977c054a80ce2f2) Importer(815301076,1909f56bfc062723c751e8b465ee728b) (PreviewImporter) -> (artifact id: 'c58c1b8c62f923b2126ce908a5b5d771') in 0.002512186 seconds
Number of updated asset objects reloaded before import = 0Number of asset objects unloaded after import = 2

========================================================================
Received Import Request.
  Time since last request: 0.000092 seconds.
  path: Assets/5 Morphed Circles/mat5-1.mat
  artifactKey: Guid(68621008149c34525a552693cd70b81c) Importer(815301076,1909f56bfc062723c751e8b465ee728b)
Start importing Assets/5 Morphed Circles/mat5-1.mat using Guid(68621008149c34525a552693cd70b81c) Importer(815301076,1909f56bfc062723c751e8b465ee728b) (PreviewImporter) -> (artifact id: 'ba4cbcafac47abd63cac72cc5cd3b879') in 0.013570101 seconds
Number of updated asset objects reloaded before import = 0Number of asset objects unloaded after import = 2

========================================================================
Received Import Request.
  Time since last request: 0.000093 seconds.
  path: Assets/DefaultVolumeProfile.asset
  artifactKey: Guid(7523c29c346c24c9285190af44b61b85) Importer(815301076,1909f56bfc062723c751e8b465ee728b)
Start importing Assets/DefaultVolumeProfile.asset using Guid(7523c29c346c24c9285190af44b61b85) Importer(815301076,1909f56bfc062723c751e8b465ee728b) (PreviewImporter) -> (artifact id: '152e7d7bde23cf5c8949f9e5a7e6923b') in 0.001064976 seconds
Number of updated asset objects reloaded before import = 0Number of asset objects unloaded after import = 0

========================================================================
Received Import Request.
  Time since last request: 0.000123 seconds.
  path: Assets/5 Morphed Circles/mat5-4.mat
  artifactKey: Guid(39f45bfd83d9a433fb8b44925e7712cd) Importer(815301076,1909f56bfc062723c751e8b465ee728b)
Start importing Assets/5 Morphed Circles/mat5-4.mat using Guid(39f45bfd83d9a433fb8b44925e7712cd) Importer(815301076,1909f56bfc062723c751e8b465ee728b) (PreviewImporter) -> (artifact id: '9a9c28ee32cc94adf66c68effd1470d1') in 0.012461867 seconds
Number of updated asset objects reloaded before import = 0Number of asset objects unloaded after import = 2

========================================================================
Received Prepare
Begin MonoManager ReloadAssembly
- Loaded All Assemblies, in  0.891 seconds
Refreshing native plugins compatible for Editor in 0.09 ms, found 1 plugins.
Native extension for OSXStandalone target not found
The project currently uses the compatibility mode where the Render Graph API is disabled. Support for this mode will be removed in future Unity versions. Migrate existing ScriptableRenderPasses to the new RenderGraph API. After the migration, disable the compatibility mode in Edit > Projects Settings > Graphics > Render Graph.
UnityEngine.Debug:ExtractStackTraceNoAlloc (byte*,int,string)
UnityEngine.StackTraceUtility:ExtractStackTrace () (at /Users/bokken/build/output/unity/unity/Runtime/Export/Scripting/StackTrace.cs:37)
UnityEngine.DebugLogHandler:Internal_Log (UnityEngine.LogType,UnityEngine.LogOption,string,UnityEngine.Object)
UnityEngine.DebugLogHandler:LogFormat (UnityEngine.LogType,UnityEngine.Object,string,object[])
UnityEngine.Logger:Log (UnityEngine.LogType,object)
UnityEngine.Debug:LogWarning (object)
UnityEngine.Rendering.Universal.WarnUsingNonRenderGraph:EmitConsoleWarning () (at ./Library/PackageCache/com.unity.render-pipelines.universal@fe5368074162/Runtime/Data/UniversalRenderPipelineAsset.cs:427)
System.Reflection.RuntimeMethodInfo:Invoke (object,System.Reflection.BindingFlags,System.Reflection.Binder,object[],System.Globalization.CultureInfo)
System.Reflection.MethodBase:Invoke (object,object[])
UnityEditor.EditorAssemblies:ProcessInitializeOnLoadMethodAttributes () (at /Users/bokken/build/output/unity/unity/Editor/Mono/EditorAssemblies.cs:142)

(Filename: ./Library/PackageCache/com.unity.render-pipelines.universal@fe5368074162/Runtime/Data/UniversalRenderPipelineAsset.cs Line: 427)

Mono: successfully reloaded assembly
- Finished resetting the current domain, in  0.936 seconds
Domain Reload Profiling: 1828ms
	BeginReloadAssembly (316ms)
		ExecutionOrderSort (0ms)
		DisableScriptedObjects (24ms)
		BackupInstance (0ms)
		ReleaseScriptingObjects (0ms)
		CreateAndSetChildDomain (108ms)
	RebuildCommonClasses (66ms)
	RebuildNativeTypeToScriptingClass (22ms)
	initialDomainReloadingComplete (37ms)
	LoadAllAssembliesAndSetupDomain (450ms)
		LoadAssemblies (387ms)
		RebuildTransferFunctionScriptingTraits (0ms)
		AnalyzeDomain (176ms)
			TypeCache.Refresh (10ms)
				TypeCache.ScanAssembly (0ms)
			BuildScriptInfoCaches (146ms)
			ResolveRequiredComponents (16ms)
	FinalizeReload (936ms)
		ReleaseScriptCaches (0ms)
		RebuildScriptCaches (0ms)
		SetupLoadedEditorAssemblies (682ms)
			LogAssemblyErrors (0ms)
			InitializePlatformSupportModulesInManaged (6ms)
			SetLoadedEditorAssemblies (5ms)
			BeforeProcessingInitializeOnLoad (228ms)
			ProcessInitializeOnLoadAttributes (332ms)
			ProcessInitializeOnLoadMethodAttributes (110ms)
			AfterProcessingInitializeOnLoad (2ms)
			EditorAssembliesLoaded (0ms)
		ExecutionOrderSort2 (0ms)
		AwakeInstancesAfterBackupRestoration (18ms)
WARNING: Shader Unsupported: 'Universal Render Pipeline/VR/SpatialMapping/Wireframe' - All subshaders removed
WARNING: Shader Did you use #pragma only_renderers and omit this platform?
WARNING: Shader If subshaders removal was intentional, you may have forgotten turning Fallback off?
WARNING: Shader Unsupported: 'Universal Render Pipeline/VR/SpatialMapping/Wireframe' - All subshaders removed
WARNING: Shader Did you use #pragma only_renderers and omit this platform?
WARNING: Shader If subshaders removal was intentional, you may have forgotten turning Fallback off?
Refreshing native plugins compatible for Editor in 0.16 ms, found 1 plugins.
Preloading 0 native plugins for Editor in 0.00 ms.
Unloading 23 Unused Serialized files (Serialized files now loaded: 0)
Unloading 3491 unused Assets / (3.4 MB). Loaded Objects now: 4245.
Memory consumption went from 131.5 MB to 128.1 MB.
Total: 11.449636 ms (FindLiveObjects: 0.793427 ms CreateObjectMapping: 0.969385 ms MarkObjects: 7.555282 ms  DeleteObjects: 2.130435 ms)

Prepare: number of updated asset objects reloaded= 0
========================================================================
Received Import Request.
  Time since last request: 102.098334 seconds.
  path: Assets/DefaultVolumeProfile.asset
  artifactKey: Guid(7523c29c346c24c9285190af44b61b85) Importer(2089858483,192608db42251d675da83286b1cce702)
Start importing Assets/DefaultVolumeProfile.asset using Guid(7523c29c346c24c9285190af44b61b85) Importer(2089858483,192608db42251d675da83286b1cce702) (ScriptedImporter) -> (artifact id: '3dad4f8e98e87af4a255737f8608885a') in 0.271050125 seconds
Number of updated asset objects reloaded before import = 0Number of asset objects unloaded after import = 0

========================================================================
Received Import Request.
  Time since last request: 0.000050 seconds.
  path: Assets/Settings/URP-Performant-Renderer.asset
  artifactKey: Guid(707360a9c581a4bd7aa53bfeb1429f71) Importer(2089858483,192608db42251d675da83286b1cce702)
Start importing Assets/Settings/URP-Performant-Renderer.asset using Guid(707360a9c581a4bd7aa53bfeb1429f71) Importer(2089858483,192608db42251d675da83286b1cce702) (ScriptedImporter) -> (artifact id: '9a8979c5820e449dab3a9c54a4f43867') in 0.056277371 seconds
Number of updated asset objects reloaded before import = 0Number of asset objects unloaded after import = 1

========================================================================
Received Import Request.
  Time since last request: 0.000111 seconds.
  path: Assets/5 Morphed Circles/mat5-1.mat
  artifactKey: Guid(68621008149c34525a552693cd70b81c) Importer(2089858483,192608db42251d675da83286b1cce702)
Start importing Assets/5 Morphed Circles/mat5-1.mat using Guid(68621008149c34525a552693cd70b81c) Importer(2089858483,192608db42251d675da83286b1cce702) (ScriptedImporter) -> (artifact id: '6a8ee4db29ac23cf65f059656169c4ca') in 0.01810415 seconds
Number of updated asset objects reloaded before import = 0Number of asset objects unloaded after import = 2

========================================================================
Received Import Request.
  Time since last request: 0.000127 seconds.
  path: Assets/Textures - Shaders/RotationalHueShader_URP.shader
  artifactKey: Guid(b7d26b7f4eae04ecd93d9e16dfc7eef4) Importer(2089858483,192608db42251d675da83286b1cce702)
Start importing Assets/Textures - Shaders/RotationalHueShader_URP.shader using Guid(b7d26b7f4eae04ecd93d9e16dfc7eef4) Importer(2089858483,192608db42251d675da83286b1cce702) (ScriptedImporter) -> (artifact id: 'b83ce4490284097b3f2e74d9b9fd05ec') in 0.009515362 seconds
Number of updated asset objects reloaded before import = 0Number of asset objects unloaded after import = 1

========================================================================
Received Import Request.
  Time since last request: 0.000079 seconds.
  path: Assets/Settings/URP-Balanced.asset
  artifactKey: Guid(e1260c1148f6143b28bae5ace5e9c5d1) Importer(2089858483,192608db42251d675da83286b1cce702)
Start importing Assets/Settings/URP-Balanced.asset using Guid(e1260c1148f6143b28bae5ace5e9c5d1) Importer(2089858483,192608db42251d675da83286b1cce702) (ScriptedImporter) -> (artifact id: '517736c83aafff81b142b65af7c28d33') in 0.091292149 seconds
Number of updated asset objects reloaded before import = 0Number of asset objects unloaded after import = 3

========================================================================
Received Import Request.
  Time since last request: 0.000068 seconds.
  path: Assets/6 Tangled Circles/mat6.mat
  artifactKey: Guid(4b33610d364cd47219b44858d3b5057a) Importer(2089858483,192608db42251d675da83286b1cce702)
Start importing Assets/6 Tangled Circles/mat6.mat using Guid(4b33610d364cd47219b44858d3b5057a) Importer(2089858483,192608db42251d675da83286b1cce702) (ScriptedImporter) -> (artifact id: '3ad7cc13861213751231a52b6213be4a') in 0.020104195 seconds
Number of updated asset objects reloaded before import = 0Number of asset objects unloaded after import = 2

========================================================================
Received Import Request.
  Time since last request: 0.000050 seconds.
  path: Assets/7 Grid Images/Plane.prefab
  artifactKey: Guid(afa6ef0aff0534ebaad981af2bc19a1a) Importer(2089858483,192608db42251d675da83286b1cce702)
Start importing Assets/7 Grid Images/Plane.prefab using Guid(afa6ef0aff0534ebaad981af2bc19a1a) Importer(2089858483,192608db42251d675da83286b1cce702) (ScriptedImporter) -> (artifact id: 'e9d53005c4fd8c9fab7c21596d6fa00a') in 0.048393134 seconds
Number of updated asset objects reloaded before import = 0Number of asset objects unloaded after import = 8

========================================================================
Received Import Request.
  Time since last request: 0.000128 seconds.
  path: Assets/Resources/Textures/32.png
  artifactKey: Guid(05bd4100f238f49f6a7cca60b8ad1e29) Importer(2089858483,192608db42251d675da83286b1cce702)
Start importing Assets/Resources/Textures/32.png using Guid(05bd4100f238f49f6a7cca60b8ad1e29) Importer(2089858483,192608db42251d675da83286b1cce702) (ScriptedImporter) -> (artifact id: '4eba187735eed5fcc52f9bf246a7834d') in 0.056053008 seconds
Number of updated asset objects reloaded before import = 0Number of asset objects unloaded after import = 1

========================================================================
Received Import Request.
  Time since last request: 0.000055 seconds.
  path: Assets/Resources/Textures/1.png
  artifactKey: Guid(e4718d99948a64deca03b8e14ff6674a) Importer(2089858483,192608db42251d675da83286b1cce702)
Start importing Assets/Resources/Textures/1.png using Guid(e4718d99948a64deca03b8e14ff6674a) Importer(2089858483,192608db42251d675da83286b1cce702) (ScriptedImporter) -> (artifact id: '7e9e8d3b0006d290155d82cf66960d05') in 0.010912229 seconds
Number of updated asset objects reloaded before import = 0Number of asset objects unloaded after import = 1

========================================================================
Received Import Request.
  Time since last request: 0.000089 seconds.
  path: Assets/Resources/Textures/37.png
  artifactKey: Guid(378a48f29a09846649ff845d22be5588) Importer(2089858483,192608db42251d675da83286b1cce702)
Start importing Assets/Resources/Textures/37.png using Guid(378a48f29a09846649ff845d22be5588) Importer(2089858483,192608db42251d675da83286b1cce702) (ScriptedImporter) -> (artifact id: '3818b9035436df85dac7525a01173da7') in 0.01069675 seconds
Number of updated asset objects reloaded before import = 0Number of asset objects unloaded after import = 1

========================================================================
Received Import Request.
  Time since last request: 0.000071 seconds.
  path: Assets/7 Grid Images/GridManager.cs
  artifactKey: Guid(ac5a1dd5848ca46018d903e16b9f273a) Importer(2089858483,192608db42251d675da83286b1cce702)
Start importing Assets/7 Grid Images/GridManager.cs using Guid(ac5a1dd5848ca46018d903e16b9f273a) Importer(2089858483,192608db42251d675da83286b1cce702) (ScriptedImporter) -> (artifact id: '772d716649ef62be94d724b435cba3bf') in 0.003364168 seconds
Number of updated asset objects reloaded before import = 0Number of asset objects unloaded after import = 0

========================================================================
Received Import Request.
  Time since last request: 0.000082 seconds.
  path: Assets/Settings/URP-Balanced-Renderer.asset
  artifactKey: Guid(e634585d5c4544dd297acaee93dc2beb) Importer(2089858483,192608db42251d675da83286b1cce702)
Start importing Assets/Settings/URP-Balanced-Renderer.asset using Guid(e634585d5c4544dd297acaee93dc2beb) Importer(2089858483,192608db42251d675da83286b1cce702) (ScriptedImporter) -> (artifact id: 'eae0f74f199220b6023055d1cd2ac3e4') in 0.016581813 seconds
Number of updated asset objects reloaded before import = 0Number of asset objects unloaded after import = 2

========================================================================
Received Import Request.
  Time since last request: 0.000087 seconds.
  path: Assets/TutorialInfo/Layout.wlt
  artifactKey: Guid(eabc9546105bf4accac1fd62a63e88e6) Importer(2089858483,192608db42251d675da83286b1cce702)
Start importing Assets/TutorialInfo/Layout.wlt using Guid(eabc9546105bf4accac1fd62a63e88e6) Importer(2089858483,192608db42251d675da83286b1cce702) (ScriptedImporter) -> (artifact id: '50b1c0efe3f75458dd732a09ce971d58') in 0.003402234 seconds
Number of updated asset objects reloaded before import = 0Number of asset objects unloaded after import = 1

========================================================================
Received Import Request.
  Time since last request: 0.000053 seconds.
  path: Assets/Resources/Textures/38.png
  artifactKey: Guid(e49014018d99348d88437656804489ab) Importer(2089858483,192608db42251d675da83286b1cce702)
Start importing Assets/Resources/Textures/38.png using Guid(e49014018d99348d88437656804489ab) Importer(2089858483,192608db42251d675da83286b1cce702) (ScriptedImporter) -> (artifact id: '8910c516df0b6c717634666d28a0d4a6') in 0.012077479 seconds
Number of updated asset objects reloaded before import = 0Number of asset objects unloaded after import = 1

========================================================================
Received Import Request.
  Time since last request: 0.000058 seconds.
  path: Assets/TutorialInfo/Icons/URP.png
  artifactKey: Guid(727a75301c3d24613a3ebcec4a24c2c8) Importer(2089858483,192608db42251d675da83286b1cce702)
Start importing Assets/TutorialInfo/Icons/URP.png using Guid(727a75301c3d24613a3ebcec4a24c2c8) Importer(2089858483,192608db42251d675da83286b1cce702) (ScriptedImporter) -> (artifact id: 'fb47fbb260dbb1ae0e854d91cba27f76') in 0.012559278 seconds
Number of updated asset objects reloaded before import = 0Number of asset objects unloaded after import = 1

========================================================================
Received Import Request.
  Time since last request: 0.000108 seconds.
  path: Assets/Resources/Textures/26.png
  artifactKey: Guid(14663805c4c594e5fb112f7c9286de2d) Importer(2089858483,192608db42251d675da83286b1cce702)
Start importing Assets/Resources/Textures/26.png using Guid(14663805c4c594e5fb112f7c9286de2d) Importer(2089858483,192608db42251d675da83286b1cce702) (ScriptedImporter) -> (artifact id: '86b75a9e680597f7db53e2607e115602') in 0.011703128 seconds
Number of updated asset objects reloaded before import = 0Number of asset objects unloaded after import = 1

========================================================================
Received Import Request.
  Time since last request: 0.000049 seconds.
  path: Assets/7 Grid Images/7 Grid Images.unity
  artifactKey: Guid(a728f557c37994925a084f5117234a05) Importer(2089858483,192608db42251d675da83286b1cce702)
Start importing Assets/7 Grid Images/7 Grid Images.unity using Guid(a728f557c37994925a084f5117234a05) Importer(2089858483,192608db42251d675da83286b1cce702) (ScriptedImporter) -> (artifact id: '243cca4c6229b2fb57cfc7273826c32c') in 0.006934398 seconds
Number of updated asset objects reloaded before import = 0Number of asset objects unloaded after import = 1

========================================================================
Received Import Request.
  Time since last request: 0.000089 seconds.
  path: Assets/Textures - Shaders/colorCyan.png
  artifactKey: Guid(dde2609ddd90d43d896517558695b045) Importer(2089858483,192608db42251d675da83286b1cce702)
Start importing Assets/Textures - Shaders/colorCyan.png using Guid(dde2609ddd90d43d896517558695b045) Importer(2089858483,192608db42251d675da83286b1cce702) (ScriptedImporter) -> (artifact id: 'af0985d14aa484d10758a6257aade6a4') in 0.008567772 seconds
Number of updated asset objects reloaded before import = 0Number of asset objects unloaded after import = 1

========================================================================
Received Import Request.
  Time since last request: 0.000106 seconds.
  path: Assets/Resources/Textures/19.png
  artifactKey: Guid(4c3be0c1665324e59b7f91bcd61db73d) Importer(2089858483,192608db42251d675da83286b1cce702)
Start importing Assets/Resources/Textures/19.png using Guid(4c3be0c1665324e59b7f91bcd61db73d) Importer(2089858483,192608db42251d675da83286b1cce702) (ScriptedImporter) -> (artifact id: '7363426bc1047cbcafe9fa059b283dab') in 0.011763295 seconds
Number of updated asset objects reloaded before import = 0Number of asset objects unloaded after import = 1

========================================================================
Received Import Request.
  Time since last request: 0.000071 seconds.
  path: Assets/5 Morphed Circles/mat5-5.mat
  artifactKey: Guid(4ef76d29bf64b45b3b0564b45c0e9269) Importer(2089858483,192608db42251d675da83286b1cce702)
Start importing Assets/5 Morphed Circles/mat5-5.mat using Guid(4ef76d29bf64b45b3b0564b45c0e9269) Importer(2089858483,192608db42251d675da83286b1cce702) (ScriptedImporter) -> (artifact id: 'ffdc4e7d17ea3447fb2161ae862aea07') in 0.005567891 seconds
Number of updated asset objects reloaded before import = 0Number of asset objects unloaded after import = 2

========================================================================
Received Import Request.
  Time since last request: 0.000097 seconds.
  path: Assets/7 Grid Images/gridMat.mat
  artifactKey: Guid(18078961860cc4dcc808c16f73f499f6) Importer(2089858483,192608db42251d675da83286b1cce702)
Start importing Assets/7 Grid Images/gridMat.mat using Guid(18078961860cc4dcc808c16f73f499f6) Importer(2089858483,192608db42251d675da83286b1cce702) (ScriptedImporter) -> (artifact id: '6fa1dd3347abd6437c1a054da1c0d2e5') in 0.005494364 seconds
Number of updated asset objects reloaded before import = 0Number of asset objects unloaded after import = 2

========================================================================
Received Import Request.
  Time since last request: 0.000137 seconds.
  path: Assets/Resources/Textures/10.png
  artifactKey: Guid(989897d0d820b4094900d70c96ea5723) Importer(2089858483,192608db42251d675da83286b1cce702)
Start importing Assets/Resources/Textures/10.png using Guid(989897d0d820b4094900d70c96ea5723) Importer(2089858483,192608db42251d675da83286b1cce702) (ScriptedImporter) -> (artifact id: 'b0a8279ac8d0142325adefc782c400f5') in 0.014681202 seconds
Number of updated asset objects reloaded before import = 0Number of asset objects unloaded after import = 1

========================================================================
Received Import Request.
  Time since last request: 0.000048 seconds.
  path: Assets/Resources/Textures/14.png
  artifactKey: Guid(c0fc4df98315c49e7a2a72b3ffcf09a1) Importer(2089858483,192608db42251d675da83286b1cce702)
Start importing Assets/Resources/Textures/14.png using Guid(c0fc4df98315c49e7a2a72b3ffcf09a1) Importer(2089858483,192608db42251d675da83286b1cce702) (ScriptedImporter) -> (artifact id: '1ceeef6793eb90b88050e38e8cb97a1b') in 0.014057843 seconds
Number of updated asset objects reloaded before import = 0Number of asset objects unloaded after import = 1

========================================================================
Received Import Request.
  Time since last request: 0.000085 seconds.
  path: Assets/TutorialInfo/Scripts/Readme.cs
  artifactKey: Guid(fcf7219bab7fe46a1ad266029b2fee19) Importer(2089858483,192608db42251d675da83286b1cce702)
Start importing Assets/TutorialInfo/Scripts/Readme.cs using Guid(fcf7219bab7fe46a1ad266029b2fee19) Importer(2089858483,192608db42251d675da83286b1cce702) (ScriptedImporter) -> (artifact id: 'eb02db0f7392f7e72509532352c9be8a') in 0.003373194 seconds
Number of updated asset objects reloaded before import = 0Number of asset objects unloaded after import = 0

========================================================================
Received Import Request.
  Time since last request: 0.000107 seconds.
  path: Assets/Resources/Textures/39.png
  artifactKey: Guid(0db1342505c774db88e5a59f599ab30c) Importer(2089858483,192608db42251d675da83286b1cce702)
Start importing Assets/Resources/Textures/39.png using Guid(0db1342505c774db88e5a59f599ab30c) Importer(2089858483,192608db42251d675da83286b1cce702) (ScriptedImporter) -> (artifact id: 'f60bedb0480d3ca135ee0471dd0054f2') in 0.010845329 seconds
Number of updated asset objects reloaded before import = 0Number of asset objects unloaded after import = 1

========================================================================
Received Import Request.
  Time since last request: 0.000073 seconds.
  path: Assets/Resources/Textures/35.png
  artifactKey: Guid(a4702571ee58e4ce2a5002ba5190758d) Importer(2089858483,192608db42251d675da83286b1cce702)
Start importing Assets/Resources/Textures/35.png using Guid(a4702571ee58e4ce2a5002ba5190758d) Importer(2089858483,192608db42251d675da83286b1cce702) (ScriptedImporter) -> (artifact id: '7a4e79c6c0b4e6356576ca3cad46e5f4') in 0.012912503 seconds
Number of updated asset objects reloaded before import = 0Number of asset objects unloaded after import = 1

========================================================================
Received Import Request.
  Time since last request: 0.000125 seconds.
  path: Assets/Resources/Textures/30.png
  artifactKey: Guid(456f6eb1d07254dc68ec4be6cda76265) Importer(2089858483,192608db42251d675da83286b1cce702)
Start importing Assets/Resources/Textures/30.png using Guid(456f6eb1d07254dc68ec4be6cda76265) Importer(2089858483,192608db42251d675da83286b1cce702) (ScriptedImporter) -> (artifact id: '740f49da1ade59fbd340fe5bcc0de42b') in 0.01303558 seconds
Number of updated asset objects reloaded before import = 0Number of asset objects unloaded after import = 1

========================================================================
Received Import Request.
  Time since last request: 0.000100 seconds.
  path: Assets/Resources/Textures/15.png
  artifactKey: Guid(d975c6469415f4fca9917bb520c6de71) Importer(2089858483,192608db42251d675da83286b1cce702)
Start importing Assets/Resources/Textures/15.png using Guid(d975c6469415f4fca9917bb520c6de71) Importer(2089858483,192608db42251d675da83286b1cce702) (ScriptedImporter) -> (artifact id: 'e0b2400f5bbbb93a8c0303dcb8530bdf') in 0.012778188 seconds
Number of updated asset objects reloaded before import = 0Number of asset objects unloaded after import = 1

========================================================================
Received Import Request.
  Time since last request: 0.000050 seconds.
  path: Assets/2 Offset Lines/OffsetLines.cs
  artifactKey: Guid(a5081840022d542e586de3ba20126716) Importer(2089858483,192608db42251d675da83286b1cce702)
Start importing Assets/2 Offset Lines/OffsetLines.cs using Guid(a5081840022d542e586de3ba20126716) Importer(2089858483,192608db42251d675da83286b1cce702) (ScriptedImporter) -> (artifact id: 'c6b876fe87d0b0fad696d1af817c3b00') in 0.006692213 seconds
Number of updated asset objects reloaded before import = 0Number of asset objects unloaded after import = 0

========================================================================
Received Import Request.
  Time since last request: 0.000100 seconds.
  path: Assets/Resources/Textures/4.png
  artifactKey: Guid(45d8d80a83d754a6ca269bf239ec7259) Importer(2089858483,192608db42251d675da83286b1cce702)
Start importing Assets/Resources/Textures/4.png using Guid(45d8d80a83d754a6ca269bf239ec7259) Importer(2089858483,192608db42251d675da83286b1cce702) (ScriptedImporter) -> (artifact id: '84c1f4483dac9983b05a800bf63aa52f') in 0.011975432 seconds
Number of updated asset objects reloaded before import = 0Number of asset objects unloaded after import = 1

========================================================================
Received Import Request.
  Time since last request: 0.000155 seconds.
  path: Assets/TutorialInfo/Scripts/Editor/ReadmeEditor.cs
  artifactKey: Guid(476cc7d7cd9874016adc216baab94a0a) Importer(2089858483,192608db42251d675da83286b1cce702)
Start importing Assets/TutorialInfo/Scripts/Editor/ReadmeEditor.cs using Guid(476cc7d7cd9874016adc216baab94a0a) Importer(2089858483,192608db42251d675da83286b1cce702) (ScriptedImporter) -> (artifact id: 'ba7139918b0b912cab6291c51cc19089') in 0.002891566 seconds
Number of updated asset objects reloaded before import = 0Number of asset objects unloaded after import = 0

========================================================================
Received Import Request.
  Time since last request: 0.000134 seconds.
  path: Assets/5 Morphed Circles/mat5-4.mat
  artifactKey: Guid(39f45bfd83d9a433fb8b44925e7712cd) Importer(2089858483,192608db42251d675da83286b1cce702)
Start importing Assets/5 Morphed Circles/mat5-4.mat using Guid(39f45bfd83d9a433fb8b44925e7712cd) Importer(2089858483,192608db42251d675da83286b1cce702) (ScriptedImporter) -> (artifact id: 'aa6284b48a59de2f70bc4db748b5e44a') in 0.00535484 seconds
Number of updated asset objects reloaded before import = 0Number of asset objects unloaded after import = 2

========================================================================
Received Import Request.
  Time since last request: 0.000072 seconds.
  path: Assets/5 Morphed Circles/MorphedCircles.cs
  artifactKey: Guid(0a8ba8798a97c41e889223702d1f5e6f) Importer(2089858483,192608db42251d675da83286b1cce702)
Start importing Assets/5 Morphed Circles/MorphedCircles.cs using Guid(0a8ba8798a97c41e889223702d1f5e6f) Importer(2089858483,192608db42251d675da83286b1cce702) (ScriptedImporter) -> (artifact id: '371c7114fb0c7b2aed0f10139e8bd794') in 0.002718595 seconds
Number of updated asset objects reloaded before import = 0Number of asset objects unloaded after import = 0

========================================================================
Received Import Request.
  Time since last request: 0.000101 seconds.
  path: Assets/Settings/URP-HighFidelity.asset
  artifactKey: Guid(7b7fd9122c28c4d15b667c7040e3b3fd) Importer(2089858483,192608db42251d675da83286b1cce702)
Start importing Assets/Settings/URP-HighFidelity.asset using Guid(7b7fd9122c28c4d15b667c7040e3b3fd) Importer(2089858483,192608db42251d675da83286b1cce702) (ScriptedImporter) -> (artifact id: '139e255d409581995ba083f129464bec') in 0.017068113 seconds
Number of updated asset objects reloaded before import = 0Number of asset objects unloaded after import = 1

========================================================================
Received Import Request.
  Time since last request: 0.000156 seconds.
  path: Assets/Resources/Textures/40.png
  artifactKey: Guid(4c77b845604e2429d929b9623aff9b8a) Importer(2089858483,192608db42251d675da83286b1cce702)
Start importing Assets/Resources/Textures/40.png using Guid(4c77b845604e2429d929b9623aff9b8a) Importer(2089858483,192608db42251d675da83286b1cce702) (ScriptedImporter) -> (artifact id: '300725645a1b18dee8654c4ecce08ad8') in 0.014729238 seconds
Number of updated asset objects reloaded before import = 0Number of asset objects unloaded after import = 1

========================================================================
Received Import Request.
  Time since last request: 0.000147 seconds.
  path: Assets/Settings/URP-Performant.asset
  artifactKey: Guid(d0e2fc18fe036412f8223b3b3d9ad574) Importer(2089858483,192608db42251d675da83286b1cce702)
Start importing Assets/Settings/URP-Performant.asset using Guid(d0e2fc18fe036412f8223b3b3d9ad574) Importer(2089858483,192608db42251d675da83286b1cce702) (ScriptedImporter) -> (artifact id: 'abe74ba80ed9bec555afa8b7baf36d14') in 0.017521434 seconds
Number of updated asset objects reloaded before import = 0Number of asset objects unloaded after import = 2

========================================================================
Received Import Request.
  Time since last request: 0.000048 seconds.
  path: Assets/Resources/Textures/25.png
  artifactKey: Guid(fd43ff7940def400481bf44a559cd086) Importer(2089858483,192608db42251d675da83286b1cce702)
Start importing Assets/Resources/Textures/25.png using Guid(fd43ff7940def400481bf44a559cd086) Importer(2089858483,192608db42251d675da83286b1cce702) (ScriptedImporter) -> (artifact id: '995143ffa1c1da448a0ddb71c0a3c0de') in 0.012636691 seconds
Number of updated asset objects reloaded before import = 0Number of asset objects unloaded after import = 1

========================================================================
Received Import Request.
  Time since last request: 0.000055 seconds.
  path: Assets/5 Morphed Circles/mat5-2.mat
  artifactKey: Guid(872693d39493d4c98b08078bbde08502) Importer(2089858483,192608db42251d675da83286b1cce702)
Start importing Assets/5 Morphed Circles/mat5-2.mat using Guid(872693d39493d4c98b08078bbde08502) Importer(2089858483,192608db42251d675da83286b1cce702) (ScriptedImporter) -> (artifact id: '6240bce7f4414562683a62e96a25d9c2') in 0.007143311 seconds
Number of updated asset objects reloaded before import = 0Number of asset objects unloaded after import = 2

========================================================================
Received Import Request.
  Time since last request: 0.000061 seconds.
  path: Assets/1 Curved Lines/CurvedLines.cs
  artifactKey: Guid(476b4ee884f34408ea6beb7a3036e805) Importer(2089858483,192608db42251d675da83286b1cce702)
Start importing Assets/1 Curved Lines/CurvedLines.cs using Guid(476b4ee884f34408ea6beb7a3036e805) Importer(2089858483,192608db42251d675da83286b1cce702) (ScriptedImporter) -> (artifact id: 'ba3ae6282b2b28deaf40e86b068d6244') in 0.004092978 seconds
Number of updated asset objects reloaded before import = 0Number of asset objects unloaded after import = 0

========================================================================
Received Import Request.
  Time since last request: 0.000050 seconds.
  path: Assets/3 Spiral Lines/mat3.mat
  artifactKey: Guid(b68e8a726e7b2434ab92010e9361c5c8) Importer(2089858483,192608db42251d675da83286b1cce702)
Start importing Assets/3 Spiral Lines/mat3.mat using Guid(b68e8a726e7b2434ab92010e9361c5c8) Importer(2089858483,192608db42251d675da83286b1cce702) (ScriptedImporter) -> (artifact id: '3e3d2d867be8ecc9d9ce65d18c72352e') in 0.010750965 seconds
Number of updated asset objects reloaded before import = 0Number of asset objects unloaded after import = 2

========================================================================
Received Import Request.
  Time since last request: 0.000056 seconds.
  path: Assets/Resources/Textures/23.png
  artifactKey: Guid(ea65db78b149b43eeb90baceb971575a) Importer(2089858483,192608db42251d675da83286b1cce702)
Start importing Assets/Resources/Textures/23.png using Guid(ea65db78b149b43eeb90baceb971575a) Importer(2089858483,192608db42251d675da83286b1cce702) (ScriptedImporter) -> (artifact id: '51b056c9e55c05f7161b7f1f5f67d771') in 0.013739964 seconds
Number of updated asset objects reloaded before import = 0Number of asset objects unloaded after import = 1

========================================================================
Received Import Request.
  Time since last request: 21.551600 seconds.
  path: Assets/MainScene 2.unity
  artifactKey: Guid(0f5f00065e4f945d8a3e30d4ae7be435) Importer(2089858483,192608db42251d675da83286b1cce702)
Start importing Assets/MainScene 2.unity using Guid(0f5f00065e4f945d8a3e30d4ae7be435) Importer(2089858483,192608db42251d675da83286b1cce702) (ScriptedImporter) -> (artifact id: 'b3e08423ce8f572409f039f0d9ff3a42') in 0.005185415 seconds
Number of updated asset objects reloaded before import = 0Number of asset objects unloaded after import = 1

========================================================================
Received Import Request.
  Time since last request: 0.000052 seconds.
  path: Assets/MainScene 5.unity
  artifactKey: Guid(c91f7d82a82e340618cbf7d514f17dca) Importer(2089858483,192608db42251d675da83286b1cce702)
Start importing Assets/MainScene 5.unity using Guid(c91f7d82a82e340618cbf7d514f17dca) Importer(2089858483,192608db42251d675da83286b1cce702) (ScriptedImporter) -> (artifact id: 'c8a25bdace6a08ea850e5e5624248e5e') in 0.004563343 seconds
Number of updated asset objects reloaded before import = 0Number of asset objects unloaded after import = 1

Editor requested this worker to shutdown with reason: Scaling down because of idle timeout
AssetImportWorker is now disconnected from the server
Process exiting
